<?xml version="1.0" encoding="UTF-8"?>
<!-- Generated by org.testng.reporters.JUnitReportReporter -->
<testsuite skipped="3" hostname="DESKTOP-9EP1U4O" name="passport.PassportTest" tests="4" failures="0" timestamp="22 Sep 2020 20:39:19 GMT" time="1.079" errors="1">
  <testcase name="setUp" time="1.079" classname="passport.PassportTest">
    <error type="org.openqa.selenium.WebDriverException" message="unknown error: cannot find Chrome binary
Build info: version: &#039;3.141.59&#039;, revision: &#039;e82be7d358&#039;, time: &#039;2018-11-14T08:17:03&#039;
System info: host: &#039;DESKTOP-9EP1U4O&#039;, ip: &#039;192.168.1.15&#039;, os.name: &#039;Windows 10&#039;, os.arch: &#039;amd64&#039;, os.version: &#039;10.0&#039;, java.version: &#039;1.8.0_251&#039;
Driver info: driver.version: ChromeDriver
remote stacktrace: Backtrace:
	Ordinal0 [0x005287E3+2852835]
	Ordinal0 [0x00415BB1+1727409]
	Ordinal0 [0x002EE4B9+517305]
	Ordinal0 [0x0027CA98+51864]
	Ordinal0 [0x0029D9F7+186871]
	Ordinal0 [0x0029D7FD+186365]
	Ordinal0 [0x0029B70B+177931]
	Ordinal0 [0x00282584+75140]
	Ordinal0 [0x00283650+79440]
	Ordinal0 [0x002835E9+79337]
	Ordinal0 [0x0042AD5C+1813852]
	GetHandleVerifier [0x0064C616+1075574]
	GetHandleVerifier [0x0064C367+1074887]
	GetHandleVerifier [0x00657497+1120247]
	GetHandleVerifier [0x0064CC16+1077110]
	Ordinal0 [0x00423206+1782278]
	Ordinal0 [0x0042C3BB+1819579]
	Ordinal0 [0x0042C523+1819939]
	Ordinal0 [0x00442B45+1911621]
	BaseThreadInitThunk [0x764D6359+25]
	RtlGetAppContainerNamedObjectPath [0x77AE7C24+228]
	RtlGetAppContainerNamedObjectPath [0x77AE7BF4+180]
">
      <![CDATA[org.openqa.selenium.WebDriverException: unknown error: cannot find Chrome binary
Build info: version: '3.141.59', revision: 'e82be7d358', time: '2018-11-14T08:17:03'
System info: host: 'DESKTOP-9EP1U4O', ip: '192.168.1.15', os.name: 'Windows 10', os.arch: 'amd64', os.version: '10.0', java.version: '1.8.0_251'
Driver info: driver.version: ChromeDriver
remote stacktrace: Backtrace:
Ordinal0 [0x005287E3+2852835]
Ordinal0 [0x00415BB1+1727409]
Ordinal0 [0x002EE4B9+517305]
Ordinal0 [0x0027CA98+51864]
Ordinal0 [0x0029D9F7+186871]
Ordinal0 [0x0029D7FD+186365]
Ordinal0 [0x0029B70B+177931]
Ordinal0 [0x00282584+75140]
Ordinal0 [0x00283650+79440]
Ordinal0 [0x002835E9+79337]
Ordinal0 [0x0042AD5C+1813852]
GetHandleVerifier [0x0064C616+1075574]
GetHandleVerifier [0x0064C367+1074887]
GetHandleVerifier [0x00657497+1120247]
GetHandleVerifier [0x0064CC16+1077110]
Ordinal0 [0x00423206+1782278]
Ordinal0 [0x0042C3BB+1819579]
Ordinal0 [0x0042C523+1819939]
Ordinal0 [0x00442B45+1911621]
BaseThreadInitThunk [0x764D6359+25]
RtlGetAppContainerNamedObjectPath [0x77AE7C24+228]
RtlGetAppContainerNamedObjectPath [0x77AE7BF4+180]

at sun.reflect.NativeConstructorAccessorImpl.newInstance0(Native Method)
at sun.reflect.NativeConstructorAccessorImpl.newInstance(Unknown Source)
at sun.reflect.DelegatingConstructorAccessorImpl.newInstance(Unknown Source)
at java.lang.reflect.Constructor.newInstance(Unknown Source)
at org.openqa.selenium.remote.W3CHandshakeResponse.lambda$errorHandler$0(W3CHandshakeResponse.java:62)
at org.openqa.selenium.remote.HandshakeResponse.lambda$getResponseFunction$0(HandshakeResponse.java:30)
at org.openqa.selenium.remote.ProtocolHandshake.lambda$createSession$0(ProtocolHandshake.java:126)
at java.util.stream.ReferencePipeline$3$1.accept(Unknown Source)
at java.util.Spliterators$ArraySpliterator.tryAdvance(Unknown Source)
at java.util.stream.ReferencePipeline.forEachWithCancel(Unknown Source)
at java.util.stream.AbstractPipeline.copyIntoWithCancel(Unknown Source)
at java.util.stream.AbstractPipeline.copyInto(Unknown Source)
at java.util.stream.AbstractPipeline.wrapAndCopyInto(Unknown Source)
at java.util.stream.FindOps$FindOp.evaluateSequential(Unknown Source)
at java.util.stream.AbstractPipeline.evaluate(Unknown Source)
at java.util.stream.ReferencePipeline.findFirst(Unknown Source)
at org.openqa.selenium.remote.ProtocolHandshake.createSession(ProtocolHandshake.java:128)
at org.openqa.selenium.remote.ProtocolHandshake.createSession(ProtocolHandshake.java:74)
at org.openqa.selenium.remote.HttpCommandExecutor.execute(HttpCommandExecutor.java:136)
at org.openqa.selenium.remote.service.DriverCommandExecutor.execute(DriverCommandExecutor.java:83)
at org.openqa.selenium.remote.RemoteWebDriver.execute(RemoteWebDriver.java:552)
at org.openqa.selenium.remote.RemoteWebDriver.startSession(RemoteWebDriver.java:213)
at org.openqa.selenium.remote.RemoteWebDriver.<init>(RemoteWebDriver.java:131)
at org.openqa.selenium.chrome.ChromeDriver.<init>(ChromeDriver.java:181)
at org.openqa.selenium.chrome.ChromeDriver.<init>(ChromeDriver.java:168)
at org.openqa.selenium.chrome.ChromeDriver.<init>(ChromeDriver.java:157)
at passport.BaseTest.setUp(BaseTest.java:32)
at sun.reflect.NativeMethodAccessorImpl.invoke0(Native Method)
at sun.reflect.NativeMethodAccessorImpl.invoke(Unknown Source)
at sun.reflect.DelegatingMethodAccessorImpl.invoke(Unknown Source)
at java.lang.reflect.Method.invoke(Unknown Source)
at org.testng.internal.MethodInvocationHelper.invokeMethod(MethodInvocationHelper.java:124)
at org.testng.internal.MethodInvocationHelper.invokeMethodConsideringTimeout(MethodInvocationHelper.java:59)
at org.testng.internal.Invoker.invokeConfigurationMethod(Invoker.java:458)
at org.testng.internal.Invoker.invokeConfigurations(Invoker.java:222)
at org.testng.internal.Invoker.invokeConfigurations(Invoker.java:142)
at org.testng.internal.TestMethodWorker.invokeBeforeClassMethods(TestMethodWorker.java:168)
at org.testng.internal.TestMethodWorker.run(TestMethodWorker.java:105)
at org.testng.TestRunner.privateRun(TestRunner.java:648)
at org.testng.TestRunner.run(TestRunner.java:505)
at org.testng.SuiteRunner.runTest(SuiteRunner.java:455)
at org.testng.SuiteRunner.runSequentially(SuiteRunner.java:450)
at org.testng.SuiteRunner.privateRun(SuiteRunner.java:415)
at org.testng.SuiteRunner.run(SuiteRunner.java:364)
at org.testng.SuiteRunnerWorker.runSuite(SuiteRunnerWorker.java:52)
at org.testng.SuiteRunnerWorker.run(SuiteRunnerWorker.java:84)
at org.testng.TestNG.runSuitesSequentially(TestNG.java:1208)
at org.testng.TestNG.runSuitesLocally(TestNG.java:1137)
at org.testng.TestNG.runSuites(TestNG.java:1049)
at org.testng.TestNG.run(TestNG.java:1017)
at org.testng.remote.AbstractRemoteTestNG.run(AbstractRemoteTestNG.java:114)
at org.testng.remote.RemoteTestNG.initAndRun(RemoteTestNG.java:251)
at org.testng.remote.RemoteTestNG.main(RemoteTestNG.java:77)
]]>
    </error>
  </testcase> <!-- setUp -->
  <testcase name="create_Session" time="0.000" classname="passport.PassportTest">
    <skipped/>
  </testcase> <!-- create_Session -->
  <testcase name="extending_Session" time="0.000" classname="passport.PassportTest">
    <skipped/>
  </testcase> <!-- extending_Session -->
  <testcase name="stoping_Session" time="0.000" classname="passport.PassportTest">
    <skipped/>
  </testcase> <!-- stoping_Session -->
</testsuite> <!-- passport.PassportTest -->
