<?xml version="1.0" encoding="UTF-8"?>
<!-- Generated by org.testng.reporters.JUnitXMLReporter -->
<testsuite hostname="DESKTOP-9EP1U4O" ignored="0" name="Default test" tests="7" failures="0" timestamp="30 Sep 2020 21:41:41 GMT" time="135.847" errors="0">
  <testcase name="scroll2Footer" time="2.142" classname="test_hulu_main_page.FooterMainPage"/>
  <testcase name="testFooterColumn1" time="15.972" classname="test_hulu_main_page.FooterMainPage"/>
  <testcase name="testFooterColumn2" time="30.821" classname="test_hulu_main_page.FooterMainPage"/>
  <testcase name="testFooterColumn3" time="15.309" classname="test_hulu_main_page.FooterMainPage"/>
  <testcase name="testFooterColumn4" time="19.466" classname="test_hulu_main_page.FooterMainPage"/>
  <testcase name="testFooterColumn5" time="22.195" classname="test_hulu_main_page.FooterMainPage"/>
  <testcase name="testFooterColumn6" time="21.933" classname="test_hulu_main_page.FooterMainPage"/>
</testsuite> <!-- Default test -->
