<?xml version="1.0" encoding="UTF-8"?>
<!-- Generated by org.testng.reporters.JUnitXMLReporter -->
<testsuite hostname="DESKTOP-NJEGPLS" name="Default test" tests="3" failures="0" timestamp="8 Mar 2019 03:41:39 GMT" time="218.946" errors="0">
  <testcase name="QuickLinks_Showroom" time="85.522" classname="ferguson.FergusonNavTest"/>
  <testcase name="QuickLinks_FindALocation" time="15.284" classname="ferguson.FergusonNavTest"/>
  <testcase name="QuickLinks_Orders" time="25.084" classname="ferguson.FergusonNavTest"/>
</testsuite> <!-- Default test -->
