<?xml version="1.0" encoding="UTF-8"?>
<testng-results skipped="0" failed="1" ignored="0" total="4" passed="3">
  <reporter-output>
  </reporter-output>
  <suite name="Default suite" duration-ms="58359" started-at="2020-09-22T20:53:09Z" finished-at="2020-09-22T20:54:07Z">
    <groups>
    </groups>
    <test name="Default test" duration-ms="58359" started-at="2020-09-22T20:53:09Z" finished-at="2020-09-22T20:54:07Z">
      <class name="test_hulu_main_page.FooterMainPage">
        <test-method status="PASS" signature="setUp()[pri:0, instance:test_hulu_main_page.FooterMainPage@ae45eb6]" name="setUp" is-config="true" duration-ms="7448" started-at="2020-09-22T20:53:09Z" finished-at="2020-09-22T20:53:16Z">
          <reporter-output>
          </reporter-output>
        </test-method> <!-- setUp -->
        <test-method status="PASS" signature="scroll2Footer()[pri:1, instance:test_hulu_main_page.FooterMainPage@ae45eb6]" name="scroll2Footer" duration-ms="2091" started-at="2020-09-22T20:53:16Z" description="scroll2Footer" finished-at="2020-09-22T20:53:18Z">
          <reporter-output>
          </reporter-output>
        </test-method> <!-- scroll2Footer -->
        <test-method status="PASS" signature="testFooterColumn1()[pri:2, instance:test_hulu_main_page.FooterMainPage@ae45eb6]" name="testFooterColumn1" duration-ms="20240" started-at="2020-09-22T20:53:18Z" description="footerColumn1" finished-at="2020-09-22T20:53:38Z">
          <reporter-output>
          </reporter-output>
        </test-method> <!-- testFooterColumn1 -->
        <test-method status="FAIL" signature="testFooterColumn2()[pri:3, instance:test_hulu_main_page.FooterMainPage@ae45eb6]" name="testFooterColumn2" duration-ms="1086" started-at="2020-09-22T20:53:38Z" description="footerColumn2" finished-at="2020-09-22T20:53:39Z">
          <exception class="org.openqa.selenium.ElementClickInterceptedException">
            <message>
              <![CDATA[element click intercepted: Element <a class="nav-item" href="/content?tab=tv" role="button" aria-label="View ..." tabindex="0">TV Shows</a> is not clickable at point (779, 37). Other element would receive the click: <div class="navigation__items">...</div>
  (Session info: chrome=85.0.4183.102)
Build info: version: '3.141.59', revision: 'e82be7d358', time: '2018-11-14T08:17:03'
System info: host: 'DESKTOP-9EP1U4O', ip: '192.168.1.15', os.name: 'Windows 10', os.arch: 'amd64', os.version: '10.0', java.version: '1.8.0_251'
Driver info: org.openqa.selenium.chrome.ChromeDriver
Capabilities {acceptInsecureCerts: false, browserName: chrome, browserVersion: 85.0.4183.102, chrome: {chromedriverVersion: 85.0.4183.87 (cd6713ebf92fa..., userDataDir: C:\Users\Venus\AppData\Loca...}, goog:chromeOptions: {debuggerAddress: localhost:50833}, javascriptEnabled: true, networkConnectionEnabled: false, pageLoadStrategy: normal, platform: WINDOWS, platformName: WINDOWS, proxy: Proxy(), setWindowRect: true, strictFileInteractability: false, timeouts: {implicit: 0, pageLoad: 300000, script: 30000}, unhandledPromptBehavior: dismiss and notify, webauthn:virtualAuthenticators: true}
Session ID: 1bac2160ddf9376398e8ed6a887e70d2]]>
            </message>
            <full-stacktrace>
              <![CDATA[org.openqa.selenium.ElementClickInterceptedException: element click intercepted: Element <a class="nav-item" href="/content?tab=tv" role="button" aria-label="View ..." tabindex="0">TV Shows</a> is not clickable at point (779, 37). Other element would receive the click: <div class="navigation__items">...</div>
  (Session info: chrome=85.0.4183.102)
Build info: version: '3.141.59', revision: 'e82be7d358', time: '2018-11-14T08:17:03'
System info: host: 'DESKTOP-9EP1U4O', ip: '192.168.1.15', os.name: 'Windows 10', os.arch: 'amd64', os.version: '10.0', java.version: '1.8.0_251'
Driver info: org.openqa.selenium.chrome.ChromeDriver
Capabilities {acceptInsecureCerts: false, browserName: chrome, browserVersion: 85.0.4183.102, chrome: {chromedriverVersion: 85.0.4183.87 (cd6713ebf92fa..., userDataDir: C:\Users\Venus\AppData\Loca...}, goog:chromeOptions: {debuggerAddress: localhost:50833}, javascriptEnabled: true, networkConnectionEnabled: false, pageLoadStrategy: normal, platform: WINDOWS, platformName: WINDOWS, proxy: Proxy(), setWindowRect: true, strictFileInteractability: false, timeouts: {implicit: 0, pageLoad: 300000, script: 30000}, unhandledPromptBehavior: dismiss and notify, webauthn:virtualAuthenticators: true}
Session ID: 1bac2160ddf9376398e8ed6a887e70d2
at sun.reflect.NativeConstructorAccessorImpl.newInstance0(Native Method)
at sun.reflect.NativeConstructorAccessorImpl.newInstance(Unknown Source)
at sun.reflect.DelegatingConstructorAccessorImpl.newInstance(Unknown Source)
at java.lang.reflect.Constructor.newInstance(Unknown Source)
at org.openqa.selenium.remote.http.W3CHttpResponseCodec.createException(W3CHttpResponseCodec.java:187)
at org.openqa.selenium.remote.http.W3CHttpResponseCodec.decode(W3CHttpResponseCodec.java:122)
at org.openqa.selenium.remote.http.W3CHttpResponseCodec.decode(W3CHttpResponseCodec.java:49)
at org.openqa.selenium.remote.HttpCommandExecutor.execute(HttpCommandExecutor.java:158)
at org.openqa.selenium.remote.service.DriverCommandExecutor.execute(DriverCommandExecutor.java:83)
at org.openqa.selenium.remote.RemoteWebDriver.execute(RemoteWebDriver.java:552)
at org.openqa.selenium.remote.RemoteWebElement.execute(RemoteWebElement.java:285)
at org.openqa.selenium.remote.RemoteWebElement.click(RemoteWebElement.java:84)
at page_footer.FooterBrowseSection.clickTvShowsLink(FooterBrowseSection.java:91)
at page_footer.FooterBrowseSection.column2(FooterBrowseSection.java:181)
at test_hulu_main_page.FooterMainPage.testFooterColumn2(FooterMainPage.java:29)
at sun.reflect.NativeMethodAccessorImpl.invoke0(Native Method)
at sun.reflect.NativeMethodAccessorImpl.invoke(Unknown Source)
at sun.reflect.DelegatingMethodAccessorImpl.invoke(Unknown Source)
at java.lang.reflect.Method.invoke(Unknown Source)
at org.testng.internal.MethodInvocationHelper.invokeMethod(MethodInvocationHelper.java:124)
at org.testng.internal.Invoker.invokeMethod(Invoker.java:583)
at org.testng.internal.Invoker.invokeTestMethod(Invoker.java:719)
at org.testng.internal.Invoker.invokeTestMethods(Invoker.java:989)
at org.testng.internal.TestMethodWorker.invokeTestMethods(TestMethodWorker.java:125)
at org.testng.internal.TestMethodWorker.run(TestMethodWorker.java:109)
at org.testng.TestRunner.privateRun(TestRunner.java:648)
at org.testng.TestRunner.run(TestRunner.java:505)
at org.testng.SuiteRunner.runTest(SuiteRunner.java:455)
at org.testng.SuiteRunner.runSequentially(SuiteRunner.java:450)
at org.testng.SuiteRunner.privateRun(SuiteRunner.java:415)
at org.testng.SuiteRunner.run(SuiteRunner.java:364)
at org.testng.SuiteRunnerWorker.runSuite(SuiteRunnerWorker.java:52)
at org.testng.SuiteRunnerWorker.run(SuiteRunnerWorker.java:84)
at org.testng.TestNG.runSuitesSequentially(TestNG.java:1208)
at org.testng.TestNG.runSuitesLocally(TestNG.java:1137)
at org.testng.TestNG.runSuites(TestNG.java:1049)
at org.testng.TestNG.run(TestNG.java:1017)
at org.testng.remote.AbstractRemoteTestNG.run(AbstractRemoteTestNG.java:114)
at org.testng.remote.RemoteTestNG.initAndRun(RemoteTestNG.java:251)
at org.testng.remote.RemoteTestNG.main(RemoteTestNG.java:77)
]]>
            </full-stacktrace>
          </exception> <!-- org.openqa.selenium.ElementClickInterceptedException -->
          <reporter-output>
          </reporter-output>
        </test-method> <!-- testFooterColumn2 -->
        <test-method status="PASS" signature="testFooterColumn3()[pri:4, instance:test_hulu_main_page.FooterMainPage@ae45eb6]" name="testFooterColumn3" duration-ms="26384" started-at="2020-09-22T20:53:39Z" description="footerColumn3" finished-at="2020-09-22T20:54:06Z">
          <reporter-output>
          </reporter-output>
        </test-method> <!-- testFooterColumn3 -->
        <test-method status="PASS" signature="tearDown()[pri:0, instance:test_hulu_main_page.FooterMainPage@ae45eb6]" name="tearDown" is-config="true" duration-ms="1089" started-at="2020-09-22T20:54:06Z" finished-at="2020-09-22T20:54:07Z">
          <reporter-output>
          </reporter-output>
        </test-method> <!-- tearDown -->
      </class> <!-- test_hulu_main_page.FooterMainPage -->
    </test> <!-- Default test -->
  </suite> <!-- Default suite -->
</testng-results>
