<?xml version="1.0" encoding="UTF-8"?>
<testng-results skipped="0" failed="0" ignored="0" total="1" passed="1">
  <reporter-output>
  </reporter-output>
  <suite name="Default suite" duration-ms="22031" started-at="2020-09-30T21:56:20Z" finished-at="2020-09-30T21:56:42Z">
    <groups>
    </groups>
    <test name="Default test" duration-ms="22031" started-at="2020-09-30T21:56:20Z" finished-at="2020-09-30T21:56:42Z">
      <class name="test_hulu_main_page.HuluLogin">
        <test-method status="PASS" signature="setUp()[pri:0, instance:test_hulu_main_page.HuluLogin@ae45eb6]" name="setUp" is-config="true" duration-ms="7903" started-at="2020-09-30T21:56:20Z" finished-at="2020-09-30T21:56:28Z">
          <reporter-output>
          </reporter-output>
        </test-method> <!-- setUp -->
        <test-method status="PASS" signature="accountLogin()[pri:1, instance:test_hulu_main_page.HuluLogin@ae45eb6]" name="accountLogin" duration-ms="13396" started-at="2020-09-30T21:56:28Z" description="accountLogin" finished-at="2020-09-30T21:56:42Z">
          <reporter-output>
          </reporter-output>
        </test-method> <!-- accountLogin -->
        <test-method status="PASS" signature="tearDown()[pri:0, instance:test_hulu_main_page.HuluLogin@ae45eb6]" name="tearDown" is-config="true" duration-ms="720" started-at="2020-09-30T21:56:42Z" finished-at="2020-09-30T21:56:42Z">
          <reporter-output>
          </reporter-output>
        </test-method> <!-- tearDown -->
      </class> <!-- test_hulu_main_page.HuluLogin -->
    </test> <!-- Default test -->
  </suite> <!-- Default suite -->
</testng-results>
