<?xml version="1.0" encoding="UTF-8"?>
<!-- Generated by org.testng.reporters.JUnitXMLReporter -->
<testsuite hostname="DESKTOP-NJEGPLS" ignored="0" name="Test" tests="3" failures="0" timestamp="30 Aug 2019 18:16:11 GMT" time="45.26" errors="0">
  <testcase name="create_Session" time="23.306" classname="passport.PassportTest"/>
  <testcase name="extending_Session" time="7.67" classname="passport.PassportTest"/>
  <testcase name="stoping_Session" time="7.211" classname="passport.PassportTest"/>
</testsuite> <!-- Test -->
